<?xml version="1.0" encoding="UTF-8"?>
<!-- Generated by org.testng.reporters.JUnitReportReporter -->
<testsuite hostname="DESKTOP-T5AERT6" failures="0" tests="1" name="com.sathya.test.TestLogIn" time="14.680" errors="0" timestamp="2020-04-24T13:46:23 IST" skipped="0">
  <testcase classname="com.sathya.test.TestLogIn" name="logIn" time="14.680"/>
</testsuite> <!-- com.sathya.test.TestLogIn -->
