<?xml version="1.0" encoding="UTF-8"?>
<!-- Generated by org.testng.reporters.JUnitReportReporter -->
<testsuite hostname="DESKTOP-T5AERT6" failures="0" tests="1" name="com.sathya.test.TestHomePage" time="15.142" errors="0" timestamp="2020-04-24T13:46:23 IST" skipped="0">
  <testcase classname="com.sathya.test.TestHomePage" name="clickOnProduct" time="15.142"/>
</testsuite> <!-- com.sathya.test.TestHomePage -->
