<?xml version="1.0" encoding="UTF-8"?>
<!-- Generated by org.testng.reporters.JUnitReportReporter -->
<testsuite hostname="DESKTOP-T5AERT6" failures="0" tests="1" name="com.sathya.test.TestAddToCartPage" time="18.599" errors="0" timestamp="2020-04-24T13:46:23 IST" skipped="0">
  <testcase classname="com.sathya.test.TestAddToCartPage" name="ProductCheckOut" time="18.599"/>
</testsuite> <!-- com.sathya.test.TestAddToCartPage -->
