<?xml version="1.0" encoding="UTF-8"?>
<!-- Generated by org.testng.reporters.JUnitReportReporter -->
<testsuite hostname="DESKTOP-T5AERT6" failures="0" tests="1" name="com.sathya.test.TestLogInClass" time="1.608" errors="0" timestamp="31 Mar 2020 07:52:29 GMT">
  <testcase classname="com.sathya.test.TestLogInClass" name="logIn" time="1.608"/>
</testsuite> <!-- com.sathya.test.TestLogInClass -->
