<?xml version="1.0" encoding="UTF-8"?>
<!-- Generated by org.testng.reporters.JUnitReportReporter -->
<testsuite hostname="DESKTOP-T5AERT6" failures="0" tests="1" name="com.sathya.test.TestProductCheckout" time="35.067" errors="0" timestamp="2020-04-19T23:01:18 IST" skipped="0">
  <testcase classname="com.sathya.test.TestProductCheckout" name="ProductCheckOut" time="35.067"/>
</testsuite> <!-- com.sathya.test.TestProductCheckout -->
