<?xml version="1.0" encoding="UTF-8"?>
<!-- Generated by org.testng.reporters.JUnitReportReporter -->
<testsuite hostname="DESKTOP-T5AERT6" failures="0" tests="1" name="com.sathya.test.TestProductsClass" time="4.718" errors="0" timestamp="2020-04-01T11:59:07 IST" skipped="0">
  <testcase classname="com.sathya.test.TestProductsClass" name="clickOnPlaystation" time="4.718"/>
</testsuite> <!-- com.sathya.test.TestProductsClass -->
